Determining if the pthread_create exist failed with the following output:
Change Dir: /home/timothebarbaux/Documents/stage/pbrt/build/CMakeFiles/CMakeTmp

Run Build Command:"/usr/bin/make" "cmTC_87fdd/fast"
/usr/bin/make -f CMakeFiles/cmTC_87fdd.dir/build.make CMakeFiles/cmTC_87fdd.dir/build
make[1] : on entre dans le répertoire « /home/timothebarbaux/Documents/stage/pbrt/build/CMakeFiles/CMakeTmp »
Building C object CMakeFiles/cmTC_87fdd.dir/CheckSymbolExists.c.o
/usr/bin/cc     -o CMakeFiles/cmTC_87fdd.dir/CheckSymbolExists.c.o   -c /home/timothebarbaux/Documents/stage/pbrt/build/CMakeFiles/CMakeTmp/CheckSymbolExists.c
Linking C executable cmTC_87fdd
/usr/bin/cmake -E cmake_link_script CMakeFiles/cmTC_87fdd.dir/link.txt --verbose=1
/usr/bin/cc       CMakeFiles/cmTC_87fdd.dir/CheckSymbolExists.c.o  -o cmTC_87fdd -rdynamic 
CMakeFiles/cmTC_87fdd.dir/CheckSymbolExists.c.o : Dans la fonction « main » :
CheckSymbolExists.c:(.text+0x16) : référence indéfinie vers « pthread_create »
collect2: error: ld returned 1 exit status
CMakeFiles/cmTC_87fdd.dir/build.make:97 : la recette pour la cible « cmTC_87fdd » a échouée
make[1]: *** [cmTC_87fdd] Erreur 1
make[1] : on quitte le répertoire « /home/timothebarbaux/Documents/stage/pbrt/build/CMakeFiles/CMakeTmp »
Makefile:126 : la recette pour la cible « cmTC_87fdd/fast » a échouée
make: *** [cmTC_87fdd/fast] Erreur 2

File /home/timothebarbaux/Documents/stage/pbrt/build/CMakeFiles/CMakeTmp/CheckSymbolExists.c:
/* */
#include <pthread.h>

int main(int argc, char** argv)
{
  (void)argv;
#ifndef pthread_create
  return ((int*)(&pthread_create))[argc];
#else
  (void)argc;
  return 0;
#endif
}

Determining if the function pthread_create exists in the pthreads failed with the following output:
Change Dir: /home/timothebarbaux/Documents/stage/pbrt/build/CMakeFiles/CMakeTmp

Run Build Command:"/usr/bin/make" "cmTC_bf396/fast"
/usr/bin/make -f CMakeFiles/cmTC_bf396.dir/build.make CMakeFiles/cmTC_bf396.dir/build
make[1] : on entre dans le répertoire « /home/timothebarbaux/Documents/stage/pbrt/build/CMakeFiles/CMakeTmp »
Building C object CMakeFiles/cmTC_bf396.dir/CheckFunctionExists.c.o
/usr/bin/cc    -DCHECK_FUNCTION_EXISTS=pthread_create   -o CMakeFiles/cmTC_bf396.dir/CheckFunctionExists.c.o   -c /usr/share/cmake-3.5/Modules/CheckFunctionExists.c
Linking C executable cmTC_bf396
/usr/bin/cmake -E cmake_link_script CMakeFiles/cmTC_bf396.dir/link.txt --verbose=1
/usr/bin/cc   -DCHECK_FUNCTION_EXISTS=pthread_create    CMakeFiles/cmTC_bf396.dir/CheckFunctionExists.c.o  -o cmTC_bf396 -rdynamic -lpthreads 
/usr/bin/ld : ne peut trouver -lpthreads
collect2: error: ld returned 1 exit status
CMakeFiles/cmTC_bf396.dir/build.make:97 : la recette pour la cible « cmTC_bf396 » a échouée
make[1]: *** [cmTC_bf396] Erreur 1
make[1] : on quitte le répertoire « /home/timothebarbaux/Documents/stage/pbrt/build/CMakeFiles/CMakeTmp »
Makefile:126 : la recette pour la cible « cmTC_bf396/fast » a échouée
make: *** [cmTC_bf396/fast] Erreur 2


Performing C++ SOURCE FILE Test HAVE_DECLSPEC_NOINLINE failed with the following output:
Change Dir: /home/timothebarbaux/Documents/stage/pbrt/build/CMakeFiles/CMakeTmp

Run Build Command:"/usr/bin/make" "cmTC_c35fe/fast"
/usr/bin/make -f CMakeFiles/cmTC_c35fe.dir/build.make CMakeFiles/cmTC_c35fe.dir/build
make[1] : on entre dans le répertoire « /home/timothebarbaux/Documents/stage/pbrt/build/CMakeFiles/CMakeTmp »
Building CXX object CMakeFiles/cmTC_c35fe.dir/src.cxx.o
/usr/bin/c++     -std=gnu++11 -Wno-conversion-null -DHAVE_DECLSPEC_NOINLINE   -o CMakeFiles/cmTC_c35fe.dir/src.cxx.o -c /home/timothebarbaux/Documents/stage/pbrt/build/CMakeFiles/CMakeTmp/src.cxx
/home/timothebarbaux/Documents/stage/pbrt/build/CMakeFiles/CMakeTmp/src.cxx:1:11: error: expected constructor, destructor, or type conversion before ‘(’ token
 __declspec(noinline) void foo() { }
           ^
CMakeFiles/cmTC_c35fe.dir/build.make:65 : la recette pour la cible « CMakeFiles/cmTC_c35fe.dir/src.cxx.o » a échouée
make[1]: *** [CMakeFiles/cmTC_c35fe.dir/src.cxx.o] Erreur 1
make[1] : on quitte le répertoire « /home/timothebarbaux/Documents/stage/pbrt/build/CMakeFiles/CMakeTmp »
Makefile:126 : la recette pour la cible « cmTC_c35fe/fast » a échouée
make: *** [cmTC_c35fe/fast] Erreur 2

Source file was:
__declspec(noinline) void foo() { }
int main() { }
Performing C++ SOURCE FILE Test HAVE__ALIGNED_MALLOC failed with the following output:
Change Dir: /home/timothebarbaux/Documents/stage/pbrt/build/CMakeFiles/CMakeTmp

Run Build Command:"/usr/bin/make" "cmTC_5d401/fast"
/usr/bin/make -f CMakeFiles/cmTC_5d401.dir/build.make CMakeFiles/cmTC_5d401.dir/build
make[1] : on entre dans le répertoire « /home/timothebarbaux/Documents/stage/pbrt/build/CMakeFiles/CMakeTmp »
Building CXX object CMakeFiles/cmTC_5d401.dir/src.cxx.o
/usr/bin/c++     -std=gnu++11 -Wno-conversion-null -DHAVE__ALIGNED_MALLOC   -o CMakeFiles/cmTC_5d401.dir/src.cxx.o -c /home/timothebarbaux/Documents/stage/pbrt/build/CMakeFiles/CMakeTmp/src.cxx
/home/timothebarbaux/Documents/stage/pbrt/build/CMakeFiles/CMakeTmp/src.cxx: In function ‘int main()’:
/home/timothebarbaux/Documents/stage/pbrt/build/CMakeFiles/CMakeTmp/src.cxx:3:51: error: ‘_aligned_malloc’ was not declared in this scope
 int main() { void * ptr = _aligned_malloc(1024, 32); }
                                                   ^
CMakeFiles/cmTC_5d401.dir/build.make:65 : la recette pour la cible « CMakeFiles/cmTC_5d401.dir/src.cxx.o » a échouée
make[1]: *** [CMakeFiles/cmTC_5d401.dir/src.cxx.o] Erreur 1
make[1] : on quitte le répertoire « /home/timothebarbaux/Documents/stage/pbrt/build/CMakeFiles/CMakeTmp »
Makefile:126 : la recette pour la cible « cmTC_5d401/fast » a échouée
make: *** [cmTC_5d401/fast] Erreur 2

Source file was:

#include <malloc.h>
int main() { void * ptr = _aligned_malloc(1024, 32); }

Performing C++ SOURCE FILE Test HAVE_DECLSPEC_THREAD failed with the following output:
Change Dir: /home/timothebarbaux/Documents/stage/pbrt/build/CMakeFiles/CMakeTmp

Run Build Command:"/usr/bin/make" "cmTC_f1230/fast"
/usr/bin/make -f CMakeFiles/cmTC_f1230.dir/build.make CMakeFiles/cmTC_f1230.dir/build
make[1] : on entre dans le répertoire « /home/timothebarbaux/Documents/stage/pbrt/build/CMakeFiles/CMakeTmp »
Building CXX object CMakeFiles/cmTC_f1230.dir/src.cxx.o
/usr/bin/c++     -std=gnu++11 -Wno-conversion-null -DHAVE_DECLSPEC_THREAD   -o CMakeFiles/cmTC_f1230.dir/src.cxx.o -c /home/timothebarbaux/Documents/stage/pbrt/build/CMakeFiles/CMakeTmp/src.cxx
/home/timothebarbaux/Documents/stage/pbrt/build/CMakeFiles/CMakeTmp/src.cxx:2:11: error: expected constructor, destructor, or type conversion before ‘(’ token
 __declspec(thread) int x; int main() { }
           ^
CMakeFiles/cmTC_f1230.dir/build.make:65 : la recette pour la cible « CMakeFiles/cmTC_f1230.dir/src.cxx.o » a échouée
make[1]: *** [CMakeFiles/cmTC_f1230.dir/src.cxx.o] Erreur 1
make[1] : on quitte le répertoire « /home/timothebarbaux/Documents/stage/pbrt/build/CMakeFiles/CMakeTmp »
Makefile:126 : la recette pour la cible « cmTC_f1230/fast » a échouée
make: *** [cmTC_f1230/fast] Erreur 2

Source file was:

__declspec(thread) int x; int main() { }

Determining if the include file libunwind.h exists failed with the following output:
Change Dir: /home/timothebarbaux/Documents/stage/pbrt/build/CMakeFiles/CMakeTmp

Run Build Command:"/usr/bin/make" "cmTC_6fb04/fast"
/usr/bin/make -f CMakeFiles/cmTC_6fb04.dir/build.make CMakeFiles/cmTC_6fb04.dir/build
make[1] : on entre dans le répertoire « /home/timothebarbaux/Documents/stage/pbrt/build/CMakeFiles/CMakeTmp »
Building C object CMakeFiles/cmTC_6fb04.dir/CheckIncludeFile.c.o
/usr/bin/cc     -o CMakeFiles/cmTC_6fb04.dir/CheckIncludeFile.c.o   -c /home/timothebarbaux/Documents/stage/pbrt/build/CMakeFiles/CMakeTmp/CheckIncludeFile.c
/home/timothebarbaux/Documents/stage/pbrt/build/CMakeFiles/CMakeTmp/CheckIncludeFile.c:1:23: fatal error: libunwind.h: Aucun fichier ou dossier de ce type
compilation terminated.
CMakeFiles/cmTC_6fb04.dir/build.make:65 : la recette pour la cible « CMakeFiles/cmTC_6fb04.dir/CheckIncludeFile.c.o » a échouée
make[1]: *** [CMakeFiles/cmTC_6fb04.dir/CheckIncludeFile.c.o] Erreur 1
make[1] : on quitte le répertoire « /home/timothebarbaux/Documents/stage/pbrt/build/CMakeFiles/CMakeTmp »
Makefile:126 : la recette pour la cible « cmTC_6fb04/fast » a échouée
make: *** [cmTC_6fb04/fast] Erreur 2


Determining size of unsigned __int16 failed with the following output:
Change Dir: /home/timothebarbaux/Documents/stage/pbrt/build/CMakeFiles/CMakeTmp

Run Build Command:"/usr/bin/make" "cmTC_e5fde/fast"
/usr/bin/make -f CMakeFiles/cmTC_e5fde.dir/build.make CMakeFiles/cmTC_e5fde.dir/build
make[1] : on entre dans le répertoire « /home/timothebarbaux/Documents/stage/pbrt/build/CMakeFiles/CMakeTmp »
Building C object CMakeFiles/cmTC_e5fde.dir/HAVE___UINT16.c.o
/usr/bin/cc     -o CMakeFiles/cmTC_e5fde.dir/HAVE___UINT16.c.o   -c /home/timothebarbaux/Documents/stage/pbrt/build/CMakeFiles/CheckTypeSize/HAVE___UINT16.c
/home/timothebarbaux/Documents/stage/pbrt/build/CMakeFiles/CheckTypeSize/HAVE___UINT16.c:17:31: error: expected ‘)’ before ‘__int16’
 #define SIZE (sizeof(unsigned __int16))
                               ^
/home/timothebarbaux/Documents/stage/pbrt/build/CMakeFiles/CheckTypeSize/HAVE___UINT16.c:19:12: note: in expansion of macro ‘SIZE’
   ('0' + ((SIZE / 10000)%10)),
            ^
/home/timothebarbaux/Documents/stage/pbrt/build/CMakeFiles/CheckTypeSize/HAVE___UINT16.c:17:31: error: expected ‘)’ before ‘__int16’
 #define SIZE (sizeof(unsigned __int16))
                               ^
/home/timothebarbaux/Documents/stage/pbrt/build/CMakeFiles/CheckTypeSize/HAVE___UINT16.c:20:12: note: in expansion of macro ‘SIZE’
   ('0' + ((SIZE / 1000)%10)),
            ^
/home/timothebarbaux/Documents/stage/pbrt/build/CMakeFiles/CheckTypeSize/HAVE___UINT16.c:17:31: error: expected ‘)’ before ‘__int16’
 #define SIZE (sizeof(unsigned __int16))
                               ^
/home/timothebarbaux/Documents/stage/pbrt/build/CMakeFiles/CheckTypeSize/HAVE___UINT16.c:21:12: note: in expansion of macro ‘SIZE’
   ('0' + ((SIZE / 100)%10)),
            ^
/home/timothebarbaux/Documents/stage/pbrt/build/CMakeFiles/CheckTypeSize/HAVE___UINT16.c:17:31: error: expected ‘)’ before ‘__int16’
 #define SIZE (sizeof(unsigned __int16))
                               ^
/home/timothebarbaux/Documents/stage/pbrt/build/CMakeFiles/CheckTypeSize/HAVE___UINT16.c:22:12: note: in expansion of macro ‘SIZE’
   ('0' + ((SIZE / 10)%10)),
            ^
/home/timothebarbaux/Documents/stage/pbrt/build/CMakeFiles/CheckTypeSize/HAVE___UINT16.c:17:31: error: expected ‘)’ before ‘__int16’
 #define SIZE (sizeof(unsigned __int16))
                               ^
/home/timothebarbaux/Documents/stage/pbrt/build/CMakeFiles/CheckTypeSize/HAVE___UINT16.c:23:12: note: in expansion of macro ‘SIZE’
   ('0' +  (SIZE    % 10)),
            ^
CMakeFiles/cmTC_e5fde.dir/build.make:65 : la recette pour la cible « CMakeFiles/cmTC_e5fde.dir/HAVE___UINT16.c.o » a échouée
make[1]: *** [CMakeFiles/cmTC_e5fde.dir/HAVE___UINT16.c.o] Erreur 1
make[1] : on quitte le répertoire « /home/timothebarbaux/Documents/stage/pbrt/build/CMakeFiles/CMakeTmp »
Makefile:126 : la recette pour la cible « cmTC_e5fde/fast » a échouée
make: *** [cmTC_e5fde/fast] Erreur 2

/home/timothebarbaux/Documents/stage/pbrt/build/CMakeFiles/CheckTypeSize/HAVE___UINT16.c:
#include <sys/types.h>
#include <stdint.h>
#include <stddef.h>


#undef KEY
#if defined(__i386)
# define KEY '_','_','i','3','8','6'
#elif defined(__x86_64)
# define KEY '_','_','x','8','6','_','6','4'
#elif defined(__ppc__)
# define KEY '_','_','p','p','c','_','_'
#elif defined(__ppc64__)
# define KEY '_','_','p','p','c','6','4','_','_'
#endif

#define SIZE (sizeof(unsigned __int16))
char info_size[] =  {'I', 'N', 'F', 'O', ':', 's','i','z','e','[',
  ('0' + ((SIZE / 10000)%10)),
  ('0' + ((SIZE / 1000)%10)),
  ('0' + ((SIZE / 100)%10)),
  ('0' + ((SIZE / 10)%10)),
  ('0' +  (SIZE    % 10)),
  ']',
#ifdef KEY
  ' ','k','e','y','[', KEY, ']',
#endif
  '\0'};

#ifdef __CLASSIC_C__
int main(argc, argv) int argc; char *argv[];
#else
int main(int argc, char *argv[])
#endif
{
  int require = 0;
  require += info_size[argc];
  (void)argv;
  return require;
}


Determining if the function dladdr exists failed with the following output:
Change Dir: /home/timothebarbaux/Documents/stage/pbrt/build/CMakeFiles/CMakeTmp

Run Build Command:"/usr/bin/make" "cmTC_fd042/fast"
/usr/bin/make -f CMakeFiles/cmTC_fd042.dir/build.make CMakeFiles/cmTC_fd042.dir/build
make[1] : on entre dans le répertoire « /home/timothebarbaux/Documents/stage/pbrt/build/CMakeFiles/CMakeTmp »
Building C object CMakeFiles/cmTC_fd042.dir/CheckFunctionExists.c.o
/usr/bin/cc    -DCHECK_FUNCTION_EXISTS=dladdr   -o CMakeFiles/cmTC_fd042.dir/CheckFunctionExists.c.o   -c /usr/share/cmake-3.5/Modules/CheckFunctionExists.c
Linking C executable cmTC_fd042
/usr/bin/cmake -E cmake_link_script CMakeFiles/cmTC_fd042.dir/link.txt --verbose=1
/usr/bin/cc   -DCHECK_FUNCTION_EXISTS=dladdr    CMakeFiles/cmTC_fd042.dir/CheckFunctionExists.c.o  -o cmTC_fd042 -rdynamic 
CMakeFiles/cmTC_fd042.dir/CheckFunctionExists.c.o : Dans la fonction « main » :
CheckFunctionExists.c:(.text+0x15) : référence indéfinie vers « dladdr »
collect2: error: ld returned 1 exit status
CMakeFiles/cmTC_fd042.dir/build.make:97 : la recette pour la cible « cmTC_fd042 » a échouée
make[1]: *** [cmTC_fd042] Erreur 1
make[1] : on quitte le répertoire « /home/timothebarbaux/Documents/stage/pbrt/build/CMakeFiles/CMakeTmp »
Makefile:126 : la recette pour la cible « cmTC_fd042/fast » a échouée
make: *** [cmTC_fd042/fast] Erreur 2


Determining if the function get_static_proc_name exists in the unwind failed with the following output:
Change Dir: /home/timothebarbaux/Documents/stage/pbrt/build/CMakeFiles/CMakeTmp

Run Build Command:"/usr/bin/make" "cmTC_f58e1/fast"
/usr/bin/make -f CMakeFiles/cmTC_f58e1.dir/build.make CMakeFiles/cmTC_f58e1.dir/build
make[1] : on entre dans le répertoire « /home/timothebarbaux/Documents/stage/pbrt/build/CMakeFiles/CMakeTmp »
Building C object CMakeFiles/cmTC_f58e1.dir/CheckFunctionExists.c.o
/usr/bin/cc    -DCHECK_FUNCTION_EXISTS=get_static_proc_name   -o CMakeFiles/cmTC_f58e1.dir/CheckFunctionExists.c.o   -c /usr/share/cmake-3.5/Modules/CheckFunctionExists.c
Linking C executable cmTC_f58e1
/usr/bin/cmake -E cmake_link_script CMakeFiles/cmTC_f58e1.dir/link.txt --verbose=1
/usr/bin/cc   -DCHECK_FUNCTION_EXISTS=get_static_proc_name    CMakeFiles/cmTC_f58e1.dir/CheckFunctionExists.c.o  -o cmTC_f58e1 -rdynamic -lunwind 
/usr/bin/ld : ne peut trouver -lunwind
collect2: error: ld returned 1 exit status
CMakeFiles/cmTC_f58e1.dir/build.make:97 : la recette pour la cible « cmTC_f58e1 » a échouée
make[1]: *** [cmTC_f58e1] Erreur 1
make[1] : on quitte le répertoire « /home/timothebarbaux/Documents/stage/pbrt/build/CMakeFiles/CMakeTmp »
Makefile:126 : la recette pour la cible « cmTC_f58e1/fast » a échouée
make: *** [cmTC_f58e1/fast] Erreur 2


Performing C SOURCE FILE Test HAVE_RWLOCK failed with the following output:
Change Dir: /home/timothebarbaux/Documents/stage/pbrt/build/CMakeFiles/CMakeTmp

Run Build Command:"/usr/bin/make" "cmTC_f6e3f/fast"
/usr/bin/make -f CMakeFiles/cmTC_f6e3f.dir/build.make CMakeFiles/cmTC_f6e3f.dir/build
make[1] : on entre dans le répertoire « /home/timothebarbaux/Documents/stage/pbrt/build/CMakeFiles/CMakeTmp »
Building C object CMakeFiles/cmTC_f6e3f.dir/src.c.o
/usr/bin/cc    -DHAVE_RWLOCK   -o CMakeFiles/cmTC_f6e3f.dir/src.c.o   -c /home/timothebarbaux/Documents/stage/pbrt/build/CMakeFiles/CMakeTmp/src.c
Linking C executable cmTC_f6e3f
/usr/bin/cmake -E cmake_link_script CMakeFiles/cmTC_f6e3f.dir/link.txt --verbose=1
/usr/bin/cc   -DHAVE_RWLOCK    CMakeFiles/cmTC_f6e3f.dir/src.c.o  -o cmTC_f6e3f -rdynamic 
CMakeFiles/cmTC_f6e3f.dir/src.c.o : Dans la fonction « main » :
src.c:(.text+0x24) : référence indéfinie vers « pthread_rwlock_init »
src.c:(.text+0x30) : référence indéfinie vers « pthread_rwlock_rdlock »
collect2: error: ld returned 1 exit status
CMakeFiles/cmTC_f6e3f.dir/build.make:97 : la recette pour la cible « cmTC_f6e3f » a échouée
make[1]: *** [cmTC_f6e3f] Erreur 1
make[1] : on quitte le répertoire « /home/timothebarbaux/Documents/stage/pbrt/build/CMakeFiles/CMakeTmp »
Makefile:126 : la recette pour la cible « cmTC_f6e3f/fast » a échouée
make: *** [cmTC_f6e3f/fast] Erreur 2

Source file was:

#define _XOPEN_SOURCE 500
#include <pthread.h>
int main(void)
{
  pthread_rwlock_t l;
  pthread_rwlock_init(&l, NULL);
  pthread_rwlock_rdlock(&l);
  return 0;
}

Performing C SOURCE FILE Test HAVE___DECLSPEC failed with the following output:
Change Dir: /home/timothebarbaux/Documents/stage/pbrt/build/CMakeFiles/CMakeTmp

Run Build Command:"/usr/bin/make" "cmTC_e2e3f/fast"
/usr/bin/make -f CMakeFiles/cmTC_e2e3f.dir/build.make CMakeFiles/cmTC_e2e3f.dir/build
make[1] : on entre dans le répertoire « /home/timothebarbaux/Documents/stage/pbrt/build/CMakeFiles/CMakeTmp »
Building C object CMakeFiles/cmTC_e2e3f.dir/src.c.o
/usr/bin/cc    -DHAVE___DECLSPEC   -o CMakeFiles/cmTC_e2e3f.dir/src.c.o   -c /home/timothebarbaux/Documents/stage/pbrt/build/CMakeFiles/CMakeTmp/src.c
/home/timothebarbaux/Documents/stage/pbrt/build/CMakeFiles/CMakeTmp/src.c:2:1: warning: return type defaults to ‘int’ [-Wimplicit-int]
 __declspec(selectany) int a;
 ^
/home/timothebarbaux/Documents/stage/pbrt/build/CMakeFiles/CMakeTmp/src.c: In function ‘__declspec’:
/home/timothebarbaux/Documents/stage/pbrt/build/CMakeFiles/CMakeTmp/src.c:3:16: error: expected ‘=’, ‘,’, ‘;’, ‘asm’ or ‘__attribute__’ before ‘{’ token
 int main(void) { return 0; }
                ^
/home/timothebarbaux/Documents/stage/pbrt/build/CMakeFiles/CMakeTmp/src.c:2:1: warning: type of ‘selectany’ defaults to ‘int’ [-Wimplicit-int]
 __declspec(selectany) int a;
 ^
/home/timothebarbaux/Documents/stage/pbrt/build/CMakeFiles/CMakeTmp/src.c:2:27: error: declaration for parameter ‘a’ but no such parameter
 __declspec(selectany) int a;
                           ^
/home/timothebarbaux/Documents/stage/pbrt/build/CMakeFiles/CMakeTmp/src.c:3:16: error: expected ‘{’ at end of input
 int main(void) { return 0; }
                ^
CMakeFiles/cmTC_e2e3f.dir/build.make:65 : la recette pour la cible « CMakeFiles/cmTC_e2e3f.dir/src.c.o » a échouée
make[1]: *** [CMakeFiles/cmTC_e2e3f.dir/src.c.o] Erreur 1
make[1] : on quitte le répertoire « /home/timothebarbaux/Documents/stage/pbrt/build/CMakeFiles/CMakeTmp »
Makefile:126 : la recette pour la cible « cmTC_e2e3f/fast » a échouée
make: *** [cmTC_e2e3f/fast] Erreur 2

Source file was:

__declspec(selectany) int a;
int main(void) { return 0; }

Performing C++ SOURCE FILE Test STL_NO_NAMESPACE failed with the following output:
Change Dir: /home/timothebarbaux/Documents/stage/pbrt/build/CMakeFiles/CMakeTmp

Run Build Command:"/usr/bin/make" "cmTC_3b13e/fast"
/usr/bin/make -f CMakeFiles/cmTC_3b13e.dir/build.make CMakeFiles/cmTC_3b13e.dir/build
make[1] : on entre dans le répertoire « /home/timothebarbaux/Documents/stage/pbrt/build/CMakeFiles/CMakeTmp »
Building CXX object CMakeFiles/cmTC_3b13e.dir/src.cxx.o
/usr/bin/c++     -std=gnu++11 -Wno-conversion-null -DSTL_NO_NAMESPACE   -o CMakeFiles/cmTC_3b13e.dir/src.cxx.o -c /home/timothebarbaux/Documents/stage/pbrt/build/CMakeFiles/CMakeTmp/src.cxx
/home/timothebarbaux/Documents/stage/pbrt/build/CMakeFiles/CMakeTmp/src.cxx:3:1: error: ‘vector’ does not name a type
 vector<int> t; int main() { }
 ^
CMakeFiles/cmTC_3b13e.dir/build.make:65 : la recette pour la cible « CMakeFiles/cmTC_3b13e.dir/src.cxx.o » a échouée
make[1]: *** [CMakeFiles/cmTC_3b13e.dir/src.cxx.o] Erreur 1
make[1] : on quitte le répertoire « /home/timothebarbaux/Documents/stage/pbrt/build/CMakeFiles/CMakeTmp »
Makefile:126 : la recette pour la cible « cmTC_3b13e/fast » a échouée
make: *** [cmTC_3b13e/fast] Erreur 2

Source file was:

#include <vector>
vector<int> t; int main() { }

